<?xml version="1.0" encoding="UTF-8"?>
<testsuite xmlns:xsi="http://www.w3.org/2001/XMLSchema-instance" xsi:noNamespaceSchemaLocation="https://maven.apache.org/surefire/maven-surefire-plugin/xsd/surefire-test-report.xsd" name="main.BeeTest" time="0" tests="6" errors="0" skipped="0" failures="0">
  <properties>
[...]
</properties>
  <testcase name="flyTest" classname="main.BeeTest" time="0"/>
  <testcase name="testingInsect" classname="main.BeeTest" time="0"/>
  <testcase name="setAndGet" classname="main.BeeTest" time="0"/>
  <testcase name="animalTest" classname="main.BeeTest" time="0"/>
  <testcase name="testingBeeLegs" classname="main.BeeTest" time="0"/>
  <testcase name="testingBeeSound" classname="main.BeeTest" time="0"/>
</testsuite>